Compiling enabled on 16 cores
Allwmake /BIGDATA1/sysu_jhang_1/luolin/OpenFOAM/OpenFOAM-6-SAPRC
make: Nothing to be done for `all'.

========================================
Start ThirdParty Allwmake
========================================

========================================
Build MPI libraries if required

    have MPICH shared library (mpich-3.2.1-gcc-4.8.5-dynamic)


========================================
Build Scotch decomposition library scotch_6.0.3
    /BIGDATA1/sysu_jhang_1/luolin/OpenFOAM//ThirdParty-6/platforms/linux64Gcc48DPInt32/scotch_6.0.3
    scotch header in /BIGDATA1/sysu_jhang_1/luolin/OpenFOAM//ThirdParty-6/platforms/linux64Gcc48DPInt32/scotch_6.0.3/include
    scotch libs   in /BIGDATA1/sysu_jhang_1/luolin/OpenFOAM//ThirdParty-6/platforms/linux64Gcc48DPInt32/lib

========================================
Build PTScotch decomposition library scotch_6.0.3 (uses MPI)
    /BIGDATA1/sysu_jhang_1/luolin/OpenFOAM//ThirdParty-6/platforms/linux64Gcc48DPInt32/scotch_6.0.3

    ptscotch header in /BIGDATA1/sysu_jhang_1/luolin/OpenFOAM//ThirdParty-6/platforms/linux64Gcc48DPInt32/scotch_6.0.3/include/mpich-3.2.1-gcc-4.8.5-dynamic
    ptscotch libs   in /BIGDATA1/sysu_jhang_1/luolin/OpenFOAM//ThirdParty-6/platforms/linux64Gcc48DPInt32/lib/mpich-3.2.1-gcc-4.8.5-dynamic

========================================
Build Metis decomposition
    optional component Metis was not found
========================================
Build CGAL
    optional component was not found

========================================
Done ThirdParty Allwmake
========================================

Allwmake /BIGDATA1/sysu_jhang_1/luolin/OpenFOAM/OpenFOAM-6-SAPRC/src
Allwmake /BIGDATA1/sysu_jhang_1/luolin/OpenFOAM/OpenFOAM-6-SAPRC/src/Pstream
wmake dummy
wmake mpi
Allwmake libo /BIGDATA1/sysu_jhang_1/luolin/OpenFOAM/OpenFOAM-6-SAPRC/src/OSspecific/POSIX
    found <sys/inotify.h>  --  enabling inotify for file monitoring.
wmake libo .
wmake OpenFOAM
wmake fileFormats
wmake surfMesh
wmake triSurface
wmake meshTools
Allwmake /BIGDATA1/sysu_jhang_1/luolin/OpenFOAM/OpenFOAM-6-SAPRC/src/dummyThirdParty
wmake scotchDecomp
wmake ptscotchDecomp
wmake metisDecomp
wmake MGridGen
wmake finiteVolume
wmake lagrangian/basic
wmake lagrangian/distributionModels
wmake genericPatchFields
wmake conversion
wmake mesh/extrudeModel
wmake dynamicMesh
wmake sampling
wmake dynamicFvMesh
wmake topoChangerFvMesh
Allwmake /BIGDATA1/sysu_jhang_1/luolin/OpenFOAM/OpenFOAM-6-SAPRC/src/parallel
Allwmake /BIGDATA1/sysu_jhang_1/luolin/OpenFOAM/OpenFOAM-6-SAPRC/src/parallel/decompose
    using SCOTCH_ARCH_PATH=/BIGDATA1/sysu_jhang_1/luolin/OpenFOAM//ThirdParty-6/platforms/linux64Gcc48DPInt32/scotch_6.0.3
wmake scotchDecomp
wmake  ptscotchDecomp
wmake ptscotchDecomp
Allwmake /BIGDATA1/sysu_jhang_1/luolin/OpenFOAM/OpenFOAM-6-SAPRC/src/parallel/decompose/metisDecomp
    using METIS_ARCH_PATH=/BIGDATA1/sysu_jhang_1/luolin/OpenFOAM//ThirdParty-6/platforms/linux64Gcc48DPInt32/metis-5.1.0
wmake decompositionMethods
wmake decompose
Allwmake /BIGDATA1/sysu_jhang_1/luolin/OpenFOAM/OpenFOAM-6-SAPRC/src/parallel/reconstruct
wmake reconstruct
wmake distributed
wmake ODE
wmake randomProcesses
Allwmake /BIGDATA1/sysu_jhang_1/luolin/OpenFOAM/OpenFOAM-6-SAPRC/src/transportModels
wmake twoPhaseMixture
wmake interfaceProperties
wmake twoPhaseProperties
wmake incompressible
wmake compressible
wmake immiscibleIncompressibleTwoPhaseMixture
Allwmake /BIGDATA1/sysu_jhang_1/luolin/OpenFOAM/OpenFOAM-6-SAPRC/src/thermophysicalModels
wmake specie
wmake solidSpecie
wmake thermophysicalProperties
wmake basic
wmake reactionThermo
wmake laminarFlameSpeed
wmake chemistryModel
wmake barotropicCompressibilityModel
wmake SLGThermo
wmake solidThermo
wmake solidChemistryModel
wmake radiation
Allwmake /BIGDATA1/sysu_jhang_1/luolin/OpenFOAM/OpenFOAM-6-SAPRC/src/TurbulenceModels
wmake turbulenceModels
wmake incompressible
wmake compressible
wmake combustionModels
Allwmake /BIGDATA1/sysu_jhang_1/luolin/OpenFOAM/OpenFOAM-6-SAPRC/src/regionModels
wmake regionModel
wmake pyrolysisModels
wmake surfaceFilmModels
wmake surfaceFilmModels/derivedFvPatchFields/wallFunctions
wmake thermalBaffleModels
wmake regionCoupling
Allwmake /BIGDATA1/sysu_jhang_1/luolin/OpenFOAM/OpenFOAM-6-SAPRC/src/lagrangian
wmake distributionModels
wmake basic
wmake solidParticle
wmake intermediate
wmake turbulence
wmake spray
wmake DSMC
wmake coalCombustion
Allwmake /BIGDATA1/sysu_jhang_1/luolin/OpenFOAM/OpenFOAM-6-SAPRC/src/lagrangian/molecularDynamics
wmake potential
wmake molecularMeasurements
wmake molecule
Allwmake /BIGDATA1/sysu_jhang_1/luolin/OpenFOAM/OpenFOAM-6-SAPRC/src/mesh
wmake snappyHexMesh
wmake blockMesh
wmake extrudeModel
Allwmake /BIGDATA1/sysu_jhang_1/luolin/OpenFOAM/OpenFOAM-6-SAPRC/src/renumber
    skipping zoltanRenumber
wmake renumberMethods
Allwmake /BIGDATA1/sysu_jhang_1/luolin/OpenFOAM/OpenFOAM-6-SAPRC/src/fvAgglomerationMethods
wmake pairPatchAgglomeration
wmake fvMotionSolver
wmake engine
wmake fvOptions
wmake regionCoupled
Allwmake /BIGDATA1/sysu_jhang_1/luolin/OpenFOAM/OpenFOAM-6-SAPRC/src/functionObjects
wmake field
wmake forces
wmake lagrangian
wmake utilities
wmake solvers
wmake sixDoFRigidBodyMotion
wmake sixDoFRigidBodyState
wmake rigidBodyDynamics
wmake rigidBodyMeshMotion
wmake waves
wmake semiPermeableBaffle
wmake atmosphericModels
Allwmake /BIGDATA1/sysu_jhang_1/luolin/OpenFOAM/OpenFOAM-6-SAPRC/applications
wmake solvers
wmake compressible
wmake basic
wmake combustion
wmake discreteMethods
wmake electromagnetics
wmake DNS
wmake stressAnalysis
wmake incompressible
wmake heatTransfer
wmake financial
wmake lagrangian
wmake multiphase
wmake rhoPimpleFoam
wmake potentialFoam
wmake laplacianFoam
wmake electrostaticFoam
wmake rhoCentralFoam
wmake chemFoam
wmake magneticFoam
wmake rhoSimpleFoam
wmake dnsFoam
wmake dsmc
wmake solidDisplacementFoam
wmake coalChemistryFoam
Allwmake /BIGDATA1/sysu_jhang_1/luolin/OpenFOAM/OpenFOAM-6-SAPRC/applications/solvers/compressible/rhoCentralFoam
wmake buoyantBoussinesqPimpleFoam
wmake adjointShapeOptimizationFoam
wmake financialFoam
wmake cavitatingFoam
wmake BCs
wmake dsmcFoam
wmake rhoPorousSimpleFoam
wmake tractionDisplacement
wmake adjointOutletPressure
wmake cavitatingDyMFoam
wmake adjointOutletVelocity
wmake solidEquilibriumDisplacementFoam
wmake tractionDisplacementCorrection
wmake compressibleInterFoam
wmake coldEngineFoam
Allwmake /BIGDATA1/sysu_jhang_1/luolin/OpenFOAM/OpenFOAM-6-SAPRC/applications/solvers/multiphase/compressibleInterFoam
wmake compressibleMultiphaseInterFoam
wmake driftFluxFoam
wmake DPMFoam
Allwmake /BIGDATA1/sysu_jhang_1/luolin/OpenFOAM/OpenFOAM-6-SAPRC/applications/solvers/multiphase/compressibleMultiphaseInterFoam
wmake molecularDynamics
wmake twoPhaseMixtureThermo
Allwmake /BIGDATA1/sysu_jhang_1/luolin/OpenFOAM/OpenFOAM-6-SAPRC/applications/solvers/multiphase/driftFluxFoam
Allwmake /BIGDATA1/sysu_jhang_1/luolin/OpenFOAM/OpenFOAM-6-SAPRC/applications/solvers/lagrangian/DPMFoam
wmake multiphaseMixtureThermo
wmake interFoam
wmake scalarTransportFoam
wmake mixtureViscosityModels
wmake DPMTurbulenceModels
wmake mdEquilibrationFoam
wmake interMixingFoam
wmake immiscibleIncompressibleThreePhaseMixture
wmake incompressibleThreePhaseMixture
wmake threePhaseInterfaceProperties
wmake interPhaseChangeFoam
Allwmake /BIGDATA1/sysu_jhang_1/luolin/OpenFOAM/OpenFOAM-6-SAPRC/applications/solvers/multiphase/interPhaseChangeFoam
wmake phaseChangeTwoPhaseMixtures
wmake buoyantBoussinesqSimpleFoam
wmake multiphaseEulerFoam
Allwmake /BIGDATA1/sysu_jhang_1/luolin/OpenFOAM/OpenFOAM-6-SAPRC/applications/solvers/multiphase/multiphaseEulerFoam
wmake multiphaseSystem
wmake sonicFoam
wmake sonicDyMFoam
wmake buoyantPimpleFoam
wmake mhdFoam
wmake fireFoam
wmake boundaryFoam
wmake icoFoam
wmake relativeVelocityModels
wmake potentialFreeSurfaceFoam
wmake multiphaseInterFoam
Allwmake /BIGDATA1/sysu_jhang_1/luolin/OpenFOAM/OpenFOAM-6-SAPRC/applications/solvers/multiphase/multiphaseInterFoam
wmake potentialFreeSurfaceDyMFoam
wmake multiphaseMixture
wmake PDRFoam
wmake rhoCentralDyMFoam
wmake laminarFlameSpeed
wmake nonNewtonianIcoFoam
wmake SCOPE
wmake PDRModels
wmake dragModels
wmake basic
wmake PDRDragModel
wmake turbulence
wmake PDRkEpsilon
wmake XiEqModels
wmake basicXiSubXiEq
wmake XiGModels
wmake basicXiSubG
wmake XiModels
wmake algebraic
wmake fixed
wmake transport
wmake XiEqModels
wmake Gulder
wmake instabilityXiEq
wmake SCOPEBlendXiEq
wmake SCOPEXiEq
wmake XiEqModel
wmake XiGModels
wmake instabilityG
wmake KTS
wmake XiGModel
wmake XiModel
wmake MPPICFoam
wmake pimpleFoam
wmake pisoFoam
wmake SRFPimpleFoam
wmake mdFoam
wmake shallowWaterFoam
wmake interfacialModels
wmake interPhaseChangeDyMFoam
wmake buoyantSimpleFoam
wmake reactingFoam
wmake rhoReactingBuoyantFoam
wmake DPMDyMFoam
wmake rhoReactingFoam
wmake simpleFoam
wmake chtMultiRegionFoam
wmake porousSimpleFoam
wmake DPMDyMFoam/MPPICDyMFoam
wmake fluid
wmake include
wmake thermoFoam
wmake solid
wmake surfaceTensionModels
wmake SRFSimpleFoam
wmake icoUncoupledKinematicParcelFoam
wmake icoUncoupledKinematicParcelDyMFoam
wmake VoFphaseCompressibleTurbulenceModels
wmake reactingParcelFoam
wmake simpleReactingParcelFoam
wmake sprayFoam
wmake sonicLiquidFoam
wmake reactingEulerFoam
wmake engineFoam
Allwmake /BIGDATA1/sysu_jhang_1/luolin/OpenFOAM/OpenFOAM-6-SAPRC/applications/solvers/multiphase/reactingEulerFoam
wmake phaseSystems
wmake sprayDyMFoam
wmake twoLiquidMixingFoam
wmake XiFoam
wmake XiEngineFoam
wmake uncoupledKinematicParcelFoam
wmake uncoupledKinematicParcelDyMFoam
wmake twoPhaseEulerFoam
Allwmake /BIGDATA1/sysu_jhang_1/luolin/OpenFOAM/OpenFOAM-6-SAPRC/applications/solvers/multiphase/twoPhaseEulerFoam
wmake twoPhaseSystem
wmake compressibleInterDyMFoam
wmake compressibleInterFilmFoam
wmake VoF
wmake interfacialModels
wmake interfacialModels
wmake interfacialCompositionModels
wmake phaseCompressibleTurbulenceModels
wmake derivedFvPatchFields
Allwmake /BIGDATA1/sysu_jhang_1/luolin/OpenFOAM/OpenFOAM-6-SAPRC/applications/solvers/multiphase/reactingEulerFoam/reactingTwoPhaseEulerFoam
wmake twoPhaseSystem
wmake twoPhaseCompressibleTurbulenceModels
Allwmake /BIGDATA1/sysu_jhang_1/luolin/OpenFOAM/OpenFOAM-6-SAPRC/applications/solvers/multiphase/reactingEulerFoam/reactingMultiphaseEulerFoam
wmake multiphaseSystem
wmake multiphaseCompressibleTurbulenceModels
wmake functionObjects
wmake utilities
wmake mesh
wmake miscellaneous
wmake parallelProcessing
wmake thermophysical
wmake postProcessing
wmake surface
wmake preProcessing
wmake foamFormatConvert
wmake surfaceAdd
wmake graphics
wmake applyBoundaryLayer
wmake foamListTimes
wmake advanced
wmake dataConversion
wmake decomposePar
wmake lagrangian
wmake boxTurb
wmake miscellaneous
wmake generation
wmake foamDictionary
wmake conversion
wmake surfaceAutoPatch
wmake adiabaticFlameT
Allwmake /BIGDATA1/sysu_jhang_1/luolin/OpenFOAM/OpenFOAM-6-SAPRC/applications/utilities/mesh/generation
wmake ensightFoamReader
wmake engineCompRatio
wmake blockMesh
wmake foamDataToFluent
wmake autoRefineMesh
wmake particleTracks
wmake ansysToFoam
Allwmake /BIGDATA1/sysu_jhang_1/luolin/OpenFOAM/OpenFOAM-6-SAPRC/applications/utilities/postProcessing/graphics/ensightFoamReader
wmake cfx4ToFoam
wmake datToFoam
wmake reconstructPar
wmake PVReaders
Allwmake /BIGDATA1/sysu_jhang_1/luolin/OpenFOAM/OpenFOAM-6-SAPRC/applications/utilities/postProcessing/graphics/PVReaders
    ERROR: ParaView not found in /BIGDATA1/sysu_jhang_1/luolin/OpenFOAM//ThirdParty-6/platforms/linux64Gcc48/ParaView-5.4.0
wmake reconstructParMesh
wmake changeDictionary
wmake extrude
wmake steadyParticleTracks
wmake pdfPlot
wmake extrudeMesh
wmake foamToEnsight
wmake extrudedMesh
wmake surfaceBooleanFeatures
wmake redistributePar
wmake foamToEnsightParts
wmake postChannel
wmake extrudeToRegionMesh
wmake manipulation
wmake chemkinToFoam
wmake attachMesh
wmake createExternalCoupledPatchGeometry
wmake dsmcInitialise
wmake temporalInterpolate
wmake autoPatch
wmake foamToGMV
wmake collapseEdges
wmake fluent3DMeshToFoam
wmake surfaceCheck
wmake surfaceClean
wmake surfaceCoarsen
wmake bunnylod
wmake surfaceConvert
wmake surfaceFeatureConvert
wmake equilibriumCO
wmake equilibriumFlameT
wmake mixtureAdiabaticFlameT
wmake engineSwirl
wmake fluentMeshToFoam
wmake foamMeshToFluent
wmake combinePatchFaces
wmake patchSummary
wmake surfaceFeatureExtract
wmake checkMesh
wmake foamToTecplot360
Allwmake /BIGDATA1/sysu_jhang_1/luolin/OpenFOAM/OpenFOAM-6-SAPRC/applications/utilities/postProcessing/dataConversion/foamToTecplot360
wmake foamToTetDualMesh
wmake foamToVTK
Allwmake /BIGDATA1/sysu_jhang_1/luolin/OpenFOAM/OpenFOAM-6-SAPRC/applications/utilities/postProcessing/dataConversion/foamToVTK
wmake smapToFoam
wmake foamToVTK
wmake extrude2DMesh
wmake noise
Allwmake /BIGDATA1/sysu_jhang_1/luolin/OpenFOAM/OpenFOAM-6-SAPRC/applications/utilities/mesh/generation/extrude2DMesh
wmake extrude2DMesh
wmake createBaffles
wmake faceSelection
wmake createPatch
wmake faceAgglomerate
wmake postProcess
wmake foamToStarMesh
wmake modifyMesh
wmake PDRMesh
wmake deformedGeom
wmake foamToSurface
wmake gambitToFoam
wmake gmshToFoam
wmake ideasUnvToFoam
wmake gmsh
wmake unv
wmake foamSetupCHT
wmake snappyHexMesh
wmake surfaceFeatures
wmake kivaToFoam
wmake surfaceFind
wmake flattenMesh
wmake surfaceHookUp
wmake mshToFoam
wmake testFiles
wmake surfaceInertia
wmake surfaceLambdaMuSmooth
wmake netgenNeutralToFoam
wmake foamUpgradeCyclics
wmake mapFields
wmake mapFieldsPar
wmake refineHexMesh
wmake refinementLevel
wmake plot3dToFoam
wmake sammToFoam
wmake mdInitialise
wmake surfaceMeshConvert
wmake surfaceMeshConvertTesting
wmake insideCells
wmake mergeMeshes
wmake setFields
wmake setWaves
wmake refineWallLayer
wmake viewFactorsGen
wmake surfaceMeshExport
wmake surfaceMeshImport
wmake surfaceMeshInfo
wmake surfaceMeshTriangulate
wmake surfaceOrient
wmake wallFunctionTable
Allwmake /BIGDATA1/sysu_jhang_1/luolin/OpenFOAM/OpenFOAM-6-SAPRC/applications/utilities/preProcessing/wallFunctionTable
wmake star3ToFoam
wmake mergeOrSplitBaffles
wmake mirrorMesh
wmake surfacePointMerge
wmake tabulatedWallFunction
wmake surfaceRedistributePar
wmake removeFaces
wmake star4ToFoam
wmake selectCells
wmake splitCells
wmake surfaceRefineRedGreen
wmake surfaceSplitByPatch
wmake moveDynamicMesh
wmake moveEngineMesh
wmake moveMesh
wmake tetgenToFoam
wmake vtkUnstructuredToFoam
wmake writeMeshObj
wmake surfaceSplitByTopology
wmake surfaceSplitNonManifolds
wmake test
wmake objToVTK
wmake orientFaceZone
wmake surfaceSubset
wmake surfaceToPatch
wmake surfaceTransformPoints
wmake polyDualMesh
Making dependency list for source file tetgenToFoam.C
wmake refineMesh
wmake renumberMesh
Allwmake /BIGDATA1/sysu_jhang_1/luolin/OpenFOAM/OpenFOAM-6-SAPRC/applications/utilities/mesh/manipulation/renumberMesh
wmake rotateMesh
wmake setSet
Allwmake /BIGDATA1/sysu_jhang_1/luolin/OpenFOAM/OpenFOAM-6-SAPRC/applications/utilities/mesh/manipulation/setSet
wmake setsToZones
wmake singleCellMesh
wmake splitMesh
wmake splitMeshRegions
g++ -std=c++11 -m64 -Dlinux64 -DWM_ARCH_OPTION=64 -DWM_DP -DWM_LABEL_SIZE=32 -Wall -Wextra -Wold-style-cast -Wnon-virtual-dtor -Wno-unused-parameter -Wno-invalid-offsetof -Wno-attributes -O3  -DNoRepository -ftemplate-depth-100  -IlnInclude -I. -I/BIGDATA1/sysu_jhang_1/luolin/OpenFOAM//OpenFOAM-6-SAPRC/src/OpenFOAM/lnInclude -I/BIGDATA1/sysu_jhang_1/luolin/OpenFOAM//OpenFOAM-6-SAPRC/src/OSspecific/POSIX/lnInclude   -fPIC -c tetgenToFoam.C -o Make/linux64Gcc48DPInt32Opt/tetgenToFoam.o
wmake stitchMesh
wmake subsetMesh
wmake topoSet
wmake transformPoints
wmake zipUpMesh
g++ -std=c++11 -m64 -Dlinux64 -DWM_ARCH_OPTION=64 -DWM_DP -DWM_LABEL_SIZE=32 -Wall -Wextra -Wold-style-cast -Wnon-virtual-dtor -Wno-unused-parameter -Wno-invalid-offsetof -Wno-attributes -O3  -DNoRepository -ftemplate-depth-100  -IlnInclude -I. -I/BIGDATA1/sysu_jhang_1/luolin/OpenFOAM//OpenFOAM-6-SAPRC/src/OpenFOAM/lnInclude -I/BIGDATA1/sysu_jhang_1/luolin/OpenFOAM//OpenFOAM-6-SAPRC/src/OSspecific/POSIX/lnInclude   -fPIC -Xlinker --add-needed -Xlinker --no-as-needed Make/linux64Gcc48DPInt32Opt/tetgenToFoam.o -L/BIGDATA1/sysu_jhang_1/luolin/OpenFOAM//OpenFOAM-6-SAPRC/platforms/linux64Gcc48DPInt32Opt/lib \
     -lOpenFOAM -ldl  \
     -lm -o /BIGDATA1/sysu_jhang_1/luolin/OpenFOAM//OpenFOAM-6-SAPRC/platforms/linux64Gcc48DPInt32Opt/bin/tetgenToFoam
